<?xml version="1.0" encoding="UTF-8"?>
<!-- Generated by org.testng.reporters.JUnitReportReporter -->
<testsuite skipped="0" hostname="DESKTOP-QBA990P" name="com.qa.iceland.test.SigninTest" tests="1" failures="0" timestamp="07 Jan 2021 21:41:28 GMT" time="10.447" errors="0">
  <testcase name="login_test" time="10.447" classname="com.qa.iceland.test.SigninTest"/>
</testsuite> <!-- com.qa.iceland.test.SigninTest -->
